{"level":"info","message":"Working date: 20130912","timestamp":"2013-09-12T14:40:39.650Z"}
{"level":"info","message":"Download mode.","timestamp":"2013-09-12T14:40:39.651Z"}
{"level":"info","message":"Page 1","timestamp":"2013-09-12T14:40:42.150Z"}
{"level":"warn","message":"Non Naver blog posts, ignore.","timestamp":"2013-09-12T14:40:42.270Z"}
{"level":"warn","message":"Non Naver blog posts, ignore.","timestamp":"2013-09-12T14:40:42.271Z"}
{"level":"warn","message":"Non Naver blog posts, ignore.","timestamp":"2013-09-12T14:40:42.300Z"}
{"level":"warn","message":"Non Naver blog posts, ignore.","timestamp":"2013-09-12T14:40:42.300Z"}
{"level":"warn","message":"Non Naver blog posts, ignore.","timestamp":"2013-09-12T14:40:42.311Z"}
{"level":"warn","message":"Non Naver blog posts, ignore.","timestamp":"2013-09-12T14:40:42.356Z"}
{"level":"info","message":"Begin download...","timestamp":"2013-09-12T14:40:43.194Z"}
{"level":"info","message":"Downloading...","timestamp":"2013-09-12T14:40:43.195Z"}
{"level":"info","message":"Download finished.","timestamp":"2013-09-12T14:42:38.894Z"}
{"level":"info","message":"Begin download...","timestamp":"2013-09-12T14:42:39.444Z"}
{"level":"info","message":"Downloading...","timestamp":"2013-09-12T14:42:39.445Z"}
{"level":"info","message":"Download finished.","timestamp":"2013-09-12T14:44:35.736Z"}
{"level":"info","message":"Begin download...","timestamp":"2013-09-12T14:44:36.282Z"}
{"level":"info","message":"Downloading...","timestamp":"2013-09-12T14:44:36.282Z"}
{"level":"info","message":"Download finished.","timestamp":"2013-09-12T14:47:08.219Z"}
{"level":"info","message":"Begin download...","timestamp":"2013-09-12T14:47:09.046Z"}
{"level":"info","message":"Downloading...","timestamp":"2013-09-12T14:47:09.047Z"}
{"level":"info","message":"Download finished.","timestamp":"2013-09-12T14:49:25.037Z"}
{"level":"info","message":"Begin download...","timestamp":"2013-09-12T14:49:25.791Z"}
{"level":"info","message":"Downloading...","timestamp":"2013-09-12T14:49:25.791Z"}
{"level":"info","message":"Working date: 20130912","timestamp":"2013-09-12T14:50:07.036Z"}
{"level":"info","message":"Upload mode.","timestamp":"2013-09-12T14:50:07.038Z"}
{"level":"info","message":"Logging in 17173 [comicatas@17173.com]...","timestamp":"2013-09-12T14:50:09.013Z"}
{"level":"info","message":"Login success!","timestamp":"2013-09-12T14:50:09.490Z"}
{"level":"info","message":"Working date: 20131117","timestamp":"2013-11-17T14:53:46.741Z"}
{"level":"info","message":"Download mode.","timestamp":"2013-11-17T14:53:46.743Z"}
{"level":"info","message":"Page 1","timestamp":"2013-11-17T14:53:52.228Z"}
{"level":"warn","message":"Non Naver blog posts, ignore.","timestamp":"2013-11-17T14:53:52.366Z"}
{"level":"info","message":"Begin download...","timestamp":"2013-11-17T14:53:53.151Z"}
{"level":"info","message":"Downloading...","timestamp":"2013-11-17T14:53:53.152Z"}
{"level":"info","message":"Download finished.","timestamp":"2013-11-17T14:56:09.330Z"}
{"level":"info","message":"Begin download...","timestamp":"2013-11-17T14:56:09.995Z"}
{"level":"info","message":"Downloading...","timestamp":"2013-11-17T14:56:09.995Z"}
{"level":"info","message":"Working date: 20131117","timestamp":"2013-11-17T15:02:51.142Z"}
{"level":"info","message":"Upload mode.","timestamp":"2013-11-17T15:02:51.143Z"}
{"level":"info","message":"Working date: 20131117","timestamp":"2013-11-17T15:03:25.911Z"}
{"level":"info","message":"Upload mode.","timestamp":"2013-11-17T15:03:25.912Z"}
{"level":"info","message":"Working date: 20131117","timestamp":"2013-11-17T15:03:34.653Z"}
{"level":"info","message":"Upload mode.","timestamp":"2013-11-17T15:03:34.655Z"}
{"level":"info","message":"Working date: 20131117","timestamp":"2013-11-17T15:04:43.602Z"}
{"level":"info","message":"Upload mode.","timestamp":"2013-11-17T15:04:43.603Z"}
{"level":"info","message":"Working date: 20131117","timestamp":"2013-11-17T15:04:47.412Z"}
{"level":"info","message":"Upload mode.","timestamp":"2013-11-17T15:04:47.414Z"}
{"level":"info","message":"Working date: 20131117","timestamp":"2013-11-17T15:05:19.252Z"}
{"level":"info","message":"Upload mode.","timestamp":"2013-11-17T15:05:19.253Z"}
{"level":"info","message":"Working date: 20131117","timestamp":"2013-11-17T15:05:44.019Z"}
{"level":"info","message":"Upload mode.","timestamp":"2013-11-17T15:05:44.020Z"}
{"level":"info","message":"Working date: 20131117","timestamp":"2013-11-17T15:07:29.807Z"}
{"level":"info","message":"Upload mode.","timestamp":"2013-11-17T15:07:29.808Z"}
{"level":"info","message":"Working date: 20131117","timestamp":"2013-11-17T15:11:55.716Z"}
{"level":"info","message":"Upload mode.","timestamp":"2013-11-17T15:11:55.717Z"}
{"level":"info","message":"Working date: 20131117","timestamp":"2013-11-17T15:17:28.455Z"}
{"level":"info","message":"Upload mode.","timestamp":"2013-11-17T15:17:28.457Z"}
{"level":"info","message":"Working date: 20131117","timestamp":"2013-11-17T15:21:59.730Z"}
{"level":"info","message":"Upload mode.","timestamp":"2013-11-17T15:21:59.731Z"}
{"level":"info","message":"Working date: 20131117","timestamp":"2013-11-17T15:26:05.513Z"}
{"level":"info","message":"Upload mode.","timestamp":"2013-11-17T15:26:05.514Z"}
{"level":"info","message":"Working date: 20131117","timestamp":"2013-11-17T15:39:50.940Z"}
{"level":"info","message":"Upload mode.","timestamp":"2013-11-17T15:39:50.941Z"}
{"level":"info","message":"Working date: 20131117","timestamp":"2013-11-17T15:47:25.243Z"}
{"level":"info","message":"Upload mode.","timestamp":"2013-11-17T15:47:25.244Z"}
{"level":"info","message":"Working date: 20131118","timestamp":"2013-11-18T06:51:34.692Z"}
{"level":"info","message":"Upload mode.","timestamp":"2013-11-18T06:51:34.693Z"}
{"level":"info","message":"Working date: 20131118","timestamp":"2013-11-18T06:52:36.208Z"}
{"level":"info","message":"Upload mode.","timestamp":"2013-11-18T06:52:36.209Z"}
{"level":"info","message":"Working date: 20131118","timestamp":"2013-11-18T06:53:09.912Z"}
{"level":"info","message":"Upload mode.","timestamp":"2013-11-18T06:53:09.913Z"}
{"level":"info","message":"Working date: 20131118","timestamp":"2013-11-18T06:55:16.894Z"}
{"level":"info","message":"Upload mode.","timestamp":"2013-11-18T06:55:16.895Z"}
{"level":"info","message":"Working date: 20131118","timestamp":"2013-11-18T06:59:04.302Z"}
{"level":"info","message":"Upload mode.","timestamp":"2013-11-18T06:59:04.303Z"}
{"level":"info","message":"Working date: 20131118","timestamp":"2013-11-18T06:59:37.324Z"}
{"level":"info","message":"Upload mode.","timestamp":"2013-11-18T06:59:37.325Z"}
{"level":"info","message":"Working date: 20131118","timestamp":"2013-11-18T07:00:48.694Z"}
{"level":"info","message":"Upload mode.","timestamp":"2013-11-18T07:00:48.695Z"}
{"level":"info","message":"Working date: 20131118","timestamp":"2013-11-18T07:01:44.420Z"}
{"level":"info","message":"Upload mode.","timestamp":"2013-11-18T07:01:44.421Z"}
{"level":"info","message":"Working date: 20131118","timestamp":"2013-11-18T07:01:56.686Z"}
{"level":"info","message":"Upload mode.","timestamp":"2013-11-18T07:01:56.687Z"}
{"level":"info","message":"Working date: 20131118","timestamp":"2013-11-18T07:15:26.222Z"}
{"level":"info","message":"Upload mode.","timestamp":"2013-11-18T07:15:26.223Z"}
{"level":"info","message":"Working date: 20131118","timestamp":"2013-11-18T07:25:47.648Z"}
{"level":"info","message":"Upload mode.","timestamp":"2013-11-18T07:25:47.650Z"}
{"level":"info","message":"Working date: 20131118","timestamp":"2013-11-18T11:46:08.382Z"}
{"level":"info","message":"Upload mode.","timestamp":"2013-11-18T11:46:08.383Z"}
{"level":"info","message":"Working date: 20131118","timestamp":"2013-11-18T11:46:15.981Z"}
{"level":"info","message":"Upload mode.","timestamp":"2013-11-18T11:46:15.982Z"}
{"level":"info","message":"Working date: 20131118","timestamp":"2013-11-18T11:47:28.847Z"}
{"level":"info","message":"Upload mode.","timestamp":"2013-11-18T11:47:28.848Z"}
{"level":"info","message":"Working date: 20131118","timestamp":"2013-11-18T11:47:36.872Z"}
{"level":"info","message":"Upload mode.","timestamp":"2013-11-18T11:47:36.873Z"}
{"level":"info","message":"Working date: 20131118","timestamp":"2013-11-18T11:49:50.905Z"}
{"level":"info","message":"Upload mode.","timestamp":"2013-11-18T11:49:50.907Z"}
{"level":"info","message":"Working date: 20131118","timestamp":"2013-11-18T11:49:56.642Z"}
{"level":"info","message":"Upload mode.","timestamp":"2013-11-18T11:49:56.643Z"}
{"level":"info","message":"Working date: 20131118","timestamp":"2013-11-18T11:57:23.002Z"}
{"level":"info","message":"Upload mode.","timestamp":"2013-11-18T11:57:23.003Z"}
{"level":"info","message":"Working date: 20131118","timestamp":"2013-11-18T12:06:55.302Z"}
{"level":"info","message":"Upload mode.","timestamp":"2013-11-18T12:06:55.303Z"}
{"level":"info","message":"Working date: 20131118","timestamp":"2013-11-18T12:09:34.509Z"}
{"level":"info","message":"Upload mode.","timestamp":"2013-11-18T12:09:34.511Z"}
{"level":"info","message":"Working date: 20131118","timestamp":"2013-11-18T12:10:46.597Z"}
{"level":"info","message":"Upload mode.","timestamp":"2013-11-18T12:10:46.598Z"}
{"level":"info","message":"Working date: 20131118","timestamp":"2013-11-18T12:19:23.241Z"}
{"level":"info","message":"Upload mode.","timestamp":"2013-11-18T12:19:23.242Z"}
{"level":"info","message":"Working date: 20131118","timestamp":"2013-11-18T12:20:20.564Z"}
{"level":"info","message":"Upload mode.","timestamp":"2013-11-18T12:20:20.565Z"}
{"level":"info","message":"Working date: 20131118","timestamp":"2013-11-18T12:30:07.538Z"}
{"level":"info","message":"Upload mode.","timestamp":"2013-11-18T12:30:07.540Z"}
{"level":"info","message":"Working date: 20131119","timestamp":"2013-11-19T16:34:16.817Z"}
{"level":"info","message":"Upload mode.","timestamp":"2013-11-19T16:34:16.818Z"}
{"level":"info","message":"Working date: 20131119","timestamp":"2013-11-19T16:40:29.645Z"}
{"level":"info","message":"Upload mode.","timestamp":"2013-11-19T16:40:29.647Z"}
{"level":"info","message":"Working date: 20131119","timestamp":"2013-11-19T16:41:28.920Z"}
{"level":"info","message":"Upload mode.","timestamp":"2013-11-19T16:41:28.922Z"}
{"level":"info","message":"Working date: 20131119","timestamp":"2013-11-19T16:45:06.230Z"}
{"level":"info","message":"Upload mode.","timestamp":"2013-11-19T16:45:06.231Z"}
{"level":"info","message":"Working date: 20131119","timestamp":"2013-11-19T16:45:18.085Z"}
{"level":"info","message":"Upload mode.","timestamp":"2013-11-19T16:45:18.088Z"}
{"level":"info","message":"Working date: 20131119","timestamp":"2013-11-19T16:46:21.484Z"}
{"level":"info","message":"Upload mode.","timestamp":"2013-11-19T16:46:21.485Z"}
{"level":"info","message":"Working date: 20131119","timestamp":"2013-11-19T17:20:12.840Z"}
{"level":"info","message":"Upload mode.","timestamp":"2013-11-19T17:20:12.841Z"}
{"level":"info","message":"Working date: 20131119","timestamp":"2013-11-19T17:29:03.371Z"}
{"level":"info","message":"Upload mode.","timestamp":"2013-11-19T17:29:03.373Z"}
{"level":"info","message":"Working date: 20131119","timestamp":"2013-11-19T17:30:15.591Z"}
{"level":"info","message":"Upload mode.","timestamp":"2013-11-19T17:30:15.592Z"}
{"level":"info","message":"Working date: 20131119","timestamp":"2013-11-19T17:30:53.046Z"}
{"level":"info","message":"Upload mode.","timestamp":"2013-11-19T17:30:53.047Z"}
{"level":"info","message":"Working date: 20131119","timestamp":"2013-11-19T17:31:36.105Z"}
{"level":"info","message":"Upload mode.","timestamp":"2013-11-19T17:31:36.107Z"}
{"level":"info","message":"Working date: 20131119","timestamp":"2013-11-19T17:36:31.589Z"}
{"level":"info","message":"Upload mode.","timestamp":"2013-11-19T17:36:31.590Z"}
{"level":"info","message":"Working date: 20131119","timestamp":"2013-11-19T17:36:58.186Z"}
{"level":"info","message":"Upload mode.","timestamp":"2013-11-19T17:36:58.189Z"}
{"level":"info","message":"Working date: 20131119","timestamp":"2013-11-19T17:42:01.992Z"}
{"level":"info","message":"Upload mode.","timestamp":"2013-11-19T17:42:01.994Z"}
{"level":"info","message":"Working date: 20131119","timestamp":"2013-11-19T17:45:32.637Z"}
{"level":"info","message":"Upload mode.","timestamp":"2013-11-19T17:45:32.639Z"}
{"level":"info","message":"Working date: 20131119","timestamp":"2013-11-19T17:45:54.302Z"}
{"level":"info","message":"Upload mode.","timestamp":"2013-11-19T17:45:54.303Z"}
{"level":"info","message":"Working date: 20131119","timestamp":"2013-11-19T17:46:12.664Z"}
{"level":"info","message":"Upload mode.","timestamp":"2013-11-19T17:46:12.665Z"}
{"level":"info","message":"Working date: 20131119","timestamp":"2013-11-19T17:48:06.825Z"}
{"level":"info","message":"Upload mode.","timestamp":"2013-11-19T17:48:06.826Z"}
{"level":"info","message":"Working date: 20131120","timestamp":"2013-11-20T02:14:02.500Z"}
{"level":"info","message":"Upload mode.","timestamp":"2013-11-20T02:14:02.502Z"}
{"level":"info","message":"Working date: 20131120","timestamp":"2013-11-20T13:26:11.178Z"}
{"level":"info","message":"Upload mode.","timestamp":"2013-11-20T13:26:11.180Z"}
{"level":"info","message":"Working date: 20131120","timestamp":"2013-11-20T13:32:28.100Z"}
{"level":"info","message":"Upload mode.","timestamp":"2013-11-20T13:32:28.101Z"}
{"level":"info","message":"Working date: 20131120","timestamp":"2013-11-20T13:51:11.244Z"}
{"level":"info","message":"Upload mode.","timestamp":"2013-11-20T13:51:11.246Z"}
{"level":"info","message":"Working date: 20131120","timestamp":"2013-11-20T13:55:01.085Z"}
{"level":"info","message":"Upload mode.","timestamp":"2013-11-20T13:55:01.087Z"}
{"level":"info","message":"Working date: 20131120","timestamp":"2013-11-20T13:56:12.595Z"}
{"level":"info","message":"Upload mode.","timestamp":"2013-11-20T13:56:12.597Z"}
{"level":"info","message":"Working date: 20131120","timestamp":"2013-11-20T14:11:36.940Z"}
{"level":"info","message":"Upload mode.","timestamp":"2013-11-20T14:11:36.941Z"}
{"level":"info","message":"Logging in 17173 [comicatas@17173.com]...","timestamp":"2013-11-20T14:11:37.432Z"}
{"level":"error","message":"Login failed!","timestamp":"2013-11-20T14:11:37.609Z"}
{"level":"info","message":"Working date: 20131120","timestamp":"2013-11-20T14:11:51.299Z"}
{"level":"info","message":"Upload mode.","timestamp":"2013-11-20T14:11:51.300Z"}
{"level":"info","message":"Logging in 17173 [comicatas@17173.com]...","timestamp":"2013-11-20T14:11:51.775Z"}
{"level":"error","message":"Login failed!","timestamp":"2013-11-20T14:11:51.943Z"}
{"level":"info","message":"Working date: 20131120","timestamp":"2013-11-20T14:14:21.958Z"}
{"level":"info","message":"Upload mode.","timestamp":"2013-11-20T14:14:21.959Z"}
{"level":"info","message":"Logging in 17173 [comicatas@17173.com]...","timestamp":"2013-11-20T14:14:22.436Z"}
{"level":"info","message":"Login success!","timestamp":"2013-11-20T14:14:22.605Z"}
{"level":"info","message":"Working date: 20131120","timestamp":"2013-11-20T14:15:02.682Z"}
{"level":"info","message":"Download mode.","timestamp":"2013-11-20T14:15:02.683Z"}
{"level":"info","message":"Found 20 video(s).","timestamp":"2013-11-20T14:15:04.039Z"}
{"level":"info","message":"Prepare video No.1","timestamp":"2013-11-20T14:15:04.040Z"}
{"level":"info","message":"Prepare video No.2","timestamp":"2013-11-20T14:15:04.045Z"}
{"level":"info","message":"Prepare video No.3","timestamp":"2013-11-20T14:15:04.048Z"}
{"level":"info","message":"Prepare video No.4","timestamp":"2013-11-20T14:15:04.050Z"}
{"level":"info","message":"Prepare video No.5","timestamp":"2013-11-20T14:15:04.054Z"}
{"level":"info","message":"Prepare video No.6","timestamp":"2013-11-20T14:15:04.058Z"}
{"level":"info","message":"Prepare video No.7","timestamp":"2013-11-20T14:15:04.061Z"}
{"level":"info","message":"Prepare video No.8","timestamp":"2013-11-20T14:15:04.065Z"}
{"level":"info","message":"Prepare video No.9","timestamp":"2013-11-20T14:15:04.069Z"}
{"level":"info","message":"Prepare video No.10","timestamp":"2013-11-20T14:15:04.074Z"}
{"level":"info","message":"Prepare video No.11","timestamp":"2013-11-20T14:15:04.077Z"}
{"level":"info","message":"Prepare video No.12","timestamp":"2013-11-20T14:15:04.081Z"}
{"level":"info","message":"Prepare video No.13","timestamp":"2013-11-20T14:15:04.086Z"}
{"level":"info","message":"Prepare video No.14","timestamp":"2013-11-20T14:15:04.091Z"}
{"level":"info","message":"Prepare video No.15","timestamp":"2013-11-20T14:15:04.095Z"}
{"level":"info","message":"Prepare video No.16","timestamp":"2013-11-20T14:15:04.099Z"}
{"level":"info","message":"Prepare video No.17","timestamp":"2013-11-20T14:15:04.100Z"}
{"level":"info","message":"Prepare video No.18","timestamp":"2013-11-20T14:15:04.104Z"}
{"level":"info","message":"Prepare video No.19","timestamp":"2013-11-20T14:15:04.107Z"}
{"level":"info","message":"Prepare video No.20","timestamp":"2013-11-20T14:15:04.110Z"}
{"level":"info","message":"Getting video url. ID=54460164","timestamp":"2013-11-20T14:15:04.114Z"}
{"level":"info","message":"Begin download...","timestamp":"2013-11-20T14:15:13.567Z"}
{"level":"info","message":"Downloading...","timestamp":"2013-11-20T14:15:13.568Z"}
{"level":"info","message":"Working date: 20131120","timestamp":"2013-11-20T14:33:15.965Z"}
{"level":"info","message":"Upload mode.","timestamp":"2013-11-20T14:33:15.967Z"}
{"level":"info","message":"Logging in 17173 [comicatas@17173.com]...","timestamp":"2013-11-20T14:33:16.429Z"}
{"level":"info","message":"Login success!","timestamp":"2013-11-20T14:33:16.599Z"}
{"level":"info","message":"Working date: 20131120","timestamp":"2013-11-20T15:02:52.063Z"}
{"level":"info","message":"Upload mode.","timestamp":"2013-11-20T15:02:52.064Z"}
{"level":"info","message":"Logging in 17173 [comicatas@17173.com]...","timestamp":"2013-11-20T15:02:52.541Z"}
{"level":"info","message":"Login success!","timestamp":"2013-11-20T15:02:52.715Z"}
{"level":"info","message":"Working date: 20131120","timestamp":"2013-11-20T15:03:21.509Z"}
{"level":"info","message":"Upload mode.","timestamp":"2013-11-20T15:03:21.510Z"}
{"level":"info","message":"Logging in 17173 [comicatas@17173.com]...","timestamp":"2013-11-20T15:03:21.968Z"}
{"level":"info","message":"Login success!","timestamp":"2013-11-20T15:03:22.136Z"}
{"level":"info","message":"Working date: 20131120","timestamp":"2013-11-20T15:03:52.040Z"}
{"level":"info","message":"Upload mode.","timestamp":"2013-11-20T15:03:52.041Z"}
{"level":"info","message":"Logging in 17173 [comicatas@17173.com]...","timestamp":"2013-11-20T15:03:52.508Z"}
{"level":"info","message":"Login success!","timestamp":"2013-11-20T15:03:52.676Z"}
{"level":"info","message":"Working date: 20131120","timestamp":"2013-11-20T15:05:10.469Z"}
{"level":"info","message":"Upload mode.","timestamp":"2013-11-20T15:05:10.470Z"}
{"level":"info","message":"Logging in 17173 [comicatas@17173.com]...","timestamp":"2013-11-20T15:05:10.940Z"}
{"level":"info","message":"Login success!","timestamp":"2013-11-20T15:05:11.111Z"}
{"level":"info","message":"Working date: 20131120","timestamp":"2013-11-20T15:05:54.438Z"}
{"level":"info","message":"Upload mode.","timestamp":"2013-11-20T15:05:54.440Z"}
{"level":"info","message":"Logging in 17173 [comicatas@17173.com]...","timestamp":"2013-11-20T15:05:54.906Z"}
{"level":"info","message":"Login success!","timestamp":"2013-11-20T15:05:55.074Z"}
{"level":"info","message":"Working date: 20131120","timestamp":"2013-11-20T15:07:16.727Z"}
{"level":"info","message":"Upload mode.","timestamp":"2013-11-20T15:07:16.728Z"}
{"level":"info","message":"Logging in 17173 [comicatas@17173.com]...","timestamp":"2013-11-20T15:07:18.727Z"}
{"level":"info","message":"Login success!","timestamp":"2013-11-20T15:07:18.892Z"}
{"level":"info","message":"Working date: 20131120","timestamp":"2013-11-20T15:18:53.494Z"}
{"level":"info","message":"Upload mode.","timestamp":"2013-11-20T15:18:53.495Z"}
{"level":"info","message":"Logging in 17173 [comicatas@17173.com]...","timestamp":"2013-11-20T15:18:53.980Z"}
{"level":"info","message":"Login success!","timestamp":"2013-11-20T15:18:54.151Z"}
{"level":"info","message":"Working date: 20131120","timestamp":"2013-11-20T15:29:30.344Z"}
{"level":"info","message":"Upload mode.","timestamp":"2013-11-20T15:29:30.346Z"}
{"level":"info","message":"Logging in 17173 [comicatas@17173.com]...","timestamp":"2013-11-20T15:29:30.969Z"}
{"level":"info","message":"Login success!","timestamp":"2013-11-20T15:29:31.128Z"}
{"level":"info","message":"Working date: 20131120","timestamp":"2013-11-20T15:31:37.177Z"}
{"level":"info","message":"Upload mode.","timestamp":"2013-11-20T15:31:37.178Z"}
{"level":"info","message":"Logging in 17173 [comicatas@17173.com]...","timestamp":"2013-11-20T15:31:37.811Z"}
{"level":"info","message":"Login success!","timestamp":"2013-11-20T15:31:37.970Z"}
{"level":"info","message":"Working date: 20131120","timestamp":"2013-11-20T16:10:21.928Z"}
{"level":"info","message":"Upload mode.","timestamp":"2013-11-20T16:10:21.929Z"}
{"level":"info","message":"Logging in 17173 [comicatas@17173.com]...","timestamp":"2013-11-20T16:10:22.577Z"}
{"level":"info","message":"Login success!","timestamp":"2013-11-20T16:10:22.791Z"}
{"level":"info","message":"Working date: 20131120","timestamp":"2013-11-20T16:12:38.539Z"}
{"level":"info","message":"Upload mode.","timestamp":"2013-11-20T16:12:38.541Z"}
{"level":"info","message":"Logging in 17173 [comicatas@17173.com]...","timestamp":"2013-11-20T16:12:40.660Z"}
{"level":"info","message":"Login success!","timestamp":"2013-11-20T16:12:40.873Z"}
{"level":"info","message":"Working date: 20131120","timestamp":"2013-11-20T16:14:37.374Z"}
{"level":"info","message":"Upload mode.","timestamp":"2013-11-20T16:14:37.377Z"}
{"level":"info","message":"Logging in 17173 [comicatas@17173.com]...","timestamp":"2013-11-20T16:14:39.371Z"}
{"level":"info","message":"Login success!","timestamp":"2013-11-20T16:14:39.570Z"}
{"level":"info","message":"Working date: 20131120","timestamp":"2013-11-20T16:16:13.492Z"}
{"level":"info","message":"Upload mode.","timestamp":"2013-11-20T16:16:13.495Z"}
{"level":"info","message":"Logging in 17173 [comicatas@17173.com]...","timestamp":"2013-11-20T16:16:16.482Z"}
{"level":"info","message":"Login success!","timestamp":"2013-11-20T16:16:16.671Z"}
{"level":"info","message":"Working date: 20131120","timestamp":"2013-11-20T16:17:27.928Z"}
{"level":"info","message":"Upload mode.","timestamp":"2013-11-20T16:17:27.930Z"}
{"level":"info","message":"Logging in 17173 [comicatas@17173.com]...","timestamp":"2013-11-20T16:17:29.807Z"}
{"level":"info","message":"Login success!","timestamp":"2013-11-20T16:17:29.999Z"}
{"level":"info","message":"Working date: 20131120","timestamp":"2013-11-20T16:18:31.737Z"}
{"level":"info","message":"Upload mode.","timestamp":"2013-11-20T16:18:31.739Z"}
{"level":"info","message":"Logging in 17173 [comicatas@17173.com]...","timestamp":"2013-11-20T16:18:33.659Z"}
{"level":"info","message":"Login success!","timestamp":"2013-11-20T16:18:33.838Z"}
{"level":"info","message":"Working date: 20131120","timestamp":"2013-11-20T16:19:57.874Z"}
{"level":"info","message":"Upload mode.","timestamp":"2013-11-20T16:19:57.876Z"}
{"level":"info","message":"Logging in 17173 [comicatas@17173.com]...","timestamp":"2013-11-20T16:19:59.782Z"}
{"level":"info","message":"Login success!","timestamp":"2013-11-20T16:19:59.970Z"}
{"level":"info","message":"Working date: 20131120","timestamp":"2013-11-20T16:23:45.927Z"}
{"level":"info","message":"Upload mode.","timestamp":"2013-11-20T16:23:45.928Z"}
{"level":"info","message":"Logging in 17173 [comicatas@17173.com]...","timestamp":"2013-11-20T16:23:48.151Z"}
{"level":"info","message":"Login success!","timestamp":"2013-11-20T16:23:48.330Z"}
{"level":"info","message":"Working date: 20131120","timestamp":"2013-11-20T16:26:17.801Z"}
{"level":"info","message":"Upload mode.","timestamp":"2013-11-20T16:26:17.802Z"}
{"level":"info","message":"Logging in 17173 [comicatas@17173.com]...","timestamp":"2013-11-20T16:26:19.826Z"}
{"level":"info","message":"Login success!","timestamp":"2013-11-20T16:26:20.004Z"}
{"level":"info","message":"Working date: 20131120","timestamp":"2013-11-20T16:29:14.962Z"}
{"level":"info","message":"Upload mode.","timestamp":"2013-11-20T16:29:14.963Z"}
{"level":"info","message":"Logging in 17173 [comicatas@17173.com]...","timestamp":"2013-11-20T16:29:17.030Z"}
{"level":"info","message":"Login success!","timestamp":"2013-11-20T16:29:17.209Z"}
{"level":"info","message":"Working date: 20131117","timestamp":"2013-11-20T16:36:35.538Z"}
{"level":"info","message":"Upload mode.","timestamp":"2013-11-20T16:36:35.541Z"}
{"level":"info","message":"Logging in 17173 [comicatas@17173.com]...","timestamp":"2013-11-20T16:36:36.277Z"}
{"level":"info","message":"Login success!","timestamp":"2013-11-20T16:36:36.473Z"}
{"level":"info","message":"Working date: 20131117","timestamp":"2013-11-20T16:39:49.870Z"}
{"level":"info","message":"Upload mode.","timestamp":"2013-11-20T16:39:49.872Z"}
{"level":"info","message":"Logging in 17173 [comicatas@17173.com]...","timestamp":"2013-11-20T16:39:50.432Z"}
{"level":"info","message":"Login success!","timestamp":"2013-11-20T16:39:50.608Z"}
{"level":"info","message":"Working date: 20131117","timestamp":"2013-11-20T16:41:22.307Z"}
{"level":"info","message":"Upload mode.","timestamp":"2013-11-20T16:41:22.308Z"}
{"level":"info","message":"Logging in 17173 [comicatas@17173.com]...","timestamp":"2013-11-20T16:41:24.234Z"}
{"level":"info","message":"Login success!","timestamp":"2013-11-20T16:41:24.410Z"}
{"level":"info","message":"Working date: 20131117","timestamp":"2013-11-20T16:56:25.541Z"}
{"level":"info","message":"Upload mode.","timestamp":"2013-11-20T16:56:25.543Z"}
{"level":"info","message":"Logging in 17173 [comicatas@17173.com]...","timestamp":"2013-11-20T16:56:26.100Z"}
{"level":"info","message":"Login success!","timestamp":"2013-11-20T16:56:26.277Z"}
{"level":"info","message":"Working date: 20131117","timestamp":"2013-11-20T17:06:03.062Z"}
{"level":"info","message":"Upload mode.","timestamp":"2013-11-20T17:06:03.063Z"}
{"level":"info","message":"Logging in 17173 [comicatas@17173.com]...","timestamp":"2013-11-20T17:06:04.765Z"}
{"level":"info","message":"Login success!","timestamp":"2013-11-20T17:06:04.956Z"}
{"level":"info","message":"Working date: 20131117","timestamp":"2013-11-20T17:10:14.585Z"}
{"level":"info","message":"Upload mode.","timestamp":"2013-11-20T17:10:14.587Z"}
{"level":"info","message":"Logging in 17173 [comicatas@17173.com]...","timestamp":"2013-11-20T17:10:16.923Z"}
{"level":"info","message":"Login success!","timestamp":"2013-11-20T17:10:17.103Z"}
{"level":"info","message":"Working date: 20131117","timestamp":"2013-11-20T17:13:29.063Z"}
{"level":"info","message":"Upload mode.","timestamp":"2013-11-20T17:13:29.065Z"}
{"level":"info","message":"Logging in 17173 [comicatas@17173.com]...","timestamp":"2013-11-20T17:13:29.831Z"}
{"level":"info","message":"Login success!","timestamp":"2013-11-20T17:13:30.010Z"}
{"level":"info","message":"Working date: 20131117","timestamp":"2013-11-20T17:18:56.681Z"}
{"level":"info","message":"Upload mode.","timestamp":"2013-11-20T17:18:56.682Z"}
{"level":"info","message":"Logging in 17173 [comicatas@17173.com]...","timestamp":"2013-11-20T17:18:57.452Z"}
{"level":"info","message":"Login success!","timestamp":"2013-11-20T17:18:57.611Z"}
{"level":"info","message":"Working date: 20131117","timestamp":"2013-11-20T17:26:11.546Z"}
{"level":"info","message":"Upload mode.","timestamp":"2013-11-20T17:26:11.548Z"}
{"level":"info","message":"Logging in 17173 [comicatas@17173.com]...","timestamp":"2013-11-20T17:26:12.248Z"}
{"level":"info","message":"Login success!","timestamp":"2013-11-20T17:26:12.408Z"}
{"level":"info","message":"Working date: 20131117","timestamp":"2013-11-20T17:26:26.554Z"}
{"level":"info","message":"Upload mode.","timestamp":"2013-11-20T17:26:26.556Z"}
{"level":"info","message":"Logging in 17173 [comicatas@17173.com]...","timestamp":"2013-11-20T17:26:27.549Z"}
{"level":"info","message":"Login success!","timestamp":"2013-11-20T17:26:27.708Z"}
{"level":"info","message":"Working date: 20131117","timestamp":"2013-11-20T17:32:16.062Z"}
{"level":"info","message":"Upload mode.","timestamp":"2013-11-20T17:32:16.065Z"}
{"level":"info","message":"Logging in 17173 [comicatas@17173.com]...","timestamp":"2013-11-20T17:32:18.195Z"}
{"level":"info","message":"Login success!","timestamp":"2013-11-20T17:32:18.353Z"}
{"level":"info","message":"Working date: 20131117","timestamp":"2013-11-20T17:34:57.149Z"}
{"level":"info","message":"Upload mode.","timestamp":"2013-11-20T17:34:57.152Z"}
{"level":"info","message":"Working date: 20131117","timestamp":"2013-11-20T17:35:18.940Z"}
{"level":"info","message":"Upload mode.","timestamp":"2013-11-20T17:35:18.941Z"}
{"level":"info","message":"Working date: 20131117","timestamp":"2013-11-20T17:36:25.778Z"}
{"level":"info","message":"Upload mode.","timestamp":"2013-11-20T17:36:25.780Z"}
{"level":"info","message":"Logging in 17173 [comicatas@17173.com]...","timestamp":"2013-11-20T17:36:26.338Z"}
{"level":"info","message":"Login success!","timestamp":"2013-11-20T17:36:26.497Z"}
{"level":"info","message":"Working date: 20131117","timestamp":"2013-11-21T00:29:14.097Z"}
{"level":"info","message":"Upload mode.","timestamp":"2013-11-21T00:29:14.099Z"}
{"level":"info","message":"Logging in 17173 [comicatas@17173.com]...","timestamp":"2013-11-21T00:29:15.382Z"}
{"level":"info","message":"Login success!","timestamp":"2013-11-21T00:29:15.491Z"}
{"level":"info","message":"Working date: 20131117","timestamp":"2013-11-21T00:51:06.127Z"}
{"level":"info","message":"Upload mode.","timestamp":"2013-11-21T00:51:06.128Z"}
{"level":"info","message":"Logging in 17173 [comicatas@17173.com]...","timestamp":"2013-11-21T00:51:06.776Z"}
{"level":"info","message":"Login success!","timestamp":"2013-11-21T00:51:06.880Z"}
{"level":"info","message":"Working date: 20131117","timestamp":"2013-11-21T01:11:16.556Z"}
{"level":"info","message":"Upload mode.","timestamp":"2013-11-21T01:11:16.558Z"}
{"level":"info","message":"Logging in 17173 [comicatas@17173.com]...","timestamp":"2013-11-21T01:11:17.307Z"}
{"level":"info","message":"Login success!","timestamp":"2013-11-21T01:11:17.464Z"}
{"level":"info","message":"Working date: 20131117","timestamp":"2013-11-21T01:20:07.002Z"}
{"level":"info","message":"Upload mode.","timestamp":"2013-11-21T01:20:07.003Z"}
{"level":"info","message":"Logging in 17173 [comicatas@17173.com]...","timestamp":"2013-11-21T01:20:08.814Z"}
{"level":"info","message":"Login success!","timestamp":"2013-11-21T01:20:08.916Z"}
{"level":"info","message":"Working date: 20131117","timestamp":"2013-11-21T01:42:41.301Z"}
{"level":"info","message":"Upload mode.","timestamp":"2013-11-21T01:42:41.302Z"}
{"level":"info","message":"Logging in 17173 [comicatas@17173.com]...","timestamp":"2013-11-21T01:42:43.096Z"}
{"level":"info","message":"Login success!","timestamp":"2013-11-21T01:42:43.201Z"}
{"level":"info","message":"Working date: 20131117","timestamp":"2013-11-21T01:47:11.719Z"}
{"level":"info","message":"Upload mode.","timestamp":"2013-11-21T01:47:11.720Z"}
{"level":"info","message":"Logging in 17173 [comicatas@17173.com]...","timestamp":"2013-11-21T01:47:13.911Z"}
{"level":"info","message":"Login success!","timestamp":"2013-11-21T01:47:14.015Z"}
{"level":"info","message":"Working date: 20131117","timestamp":"2013-11-21T01:48:11.934Z"}
{"level":"info","message":"Upload mode.","timestamp":"2013-11-21T01:48:11.936Z"}
{"level":"info","message":"Logging in 17173 [comicatas@17173.com]...","timestamp":"2013-11-21T01:48:13.980Z"}
{"level":"info","message":"Login success!","timestamp":"2013-11-21T01:48:14.080Z"}
{"level":"info","message":"Working date: 20131117","timestamp":"2013-11-21T01:49:28.027Z"}
{"level":"info","message":"Upload mode.","timestamp":"2013-11-21T01:49:28.029Z"}
{"level":"info","message":"Logging in 17173 [comicatas@17173.com]...","timestamp":"2013-11-21T01:49:29.842Z"}
{"level":"info","message":"Login success!","timestamp":"2013-11-21T01:49:29.940Z"}
{"level":"info","message":"Working date: 20131117","timestamp":"2013-11-21T01:50:41.543Z"}
{"level":"info","message":"Upload mode.","timestamp":"2013-11-21T01:50:41.544Z"}
{"level":"info","message":"Logging in 17173 [comicatas@17173.com]...","timestamp":"2013-11-21T01:50:43.613Z"}
{"level":"info","message":"Login success!","timestamp":"2013-11-21T01:50:43.716Z"}
{"level":"info","message":"Working date: 20131117","timestamp":"2013-11-21T02:09:27.886Z"}
{"level":"info","message":"Upload mode.","timestamp":"2013-11-21T02:09:27.887Z"}
{"level":"info","message":"Logging in 17173 [comicatas@17173.com]...","timestamp":"2013-11-21T02:09:28.538Z"}
{"level":"info","message":"Login success!","timestamp":"2013-11-21T02:09:28.637Z"}
{"level":"info","message":"Working date: 20131121","timestamp":"2013-11-21T02:14:48.280Z"}
{"level":"info","message":"Download mode.","timestamp":"2013-11-21T02:14:48.281Z"}
{"level":"info","message":"Found 10 video(s).","timestamp":"2013-11-21T02:14:49.081Z"}
{"level":"info","message":"Prepare video No.1","timestamp":"2013-11-21T02:14:49.082Z"}
{"level":"info","message":"Prepare video No.2","timestamp":"2013-11-21T02:14:49.089Z"}
{"level":"info","message":"Prepare video No.3","timestamp":"2013-11-21T02:14:49.092Z"}
{"level":"info","message":"Prepare video No.4","timestamp":"2013-11-21T02:14:49.095Z"}
{"level":"info","message":"Prepare video No.5","timestamp":"2013-11-21T02:14:49.101Z"}
{"level":"info","message":"Prepare video No.6","timestamp":"2013-11-21T02:14:49.104Z"}
{"level":"info","message":"Prepare video No.7","timestamp":"2013-11-21T02:14:49.106Z"}
{"level":"info","message":"Prepare video No.8","timestamp":"2013-11-21T02:14:49.110Z"}
{"level":"info","message":"Prepare video No.9","timestamp":"2013-11-21T02:14:49.114Z"}
{"level":"info","message":"Prepare video No.10","timestamp":"2013-11-21T02:14:49.118Z"}
{"level":"info","message":"Getting video url. ID=54477227","timestamp":"2013-11-21T02:14:49.122Z"}
{"level":"info","message":"Begin download...","timestamp":"2013-11-21T02:14:49.284Z"}
{"level":"info","message":"Downloading...","timestamp":"2013-11-21T02:14:49.285Z"}
{"level":"info","message":"Download finished.","timestamp":"2013-11-21T02:16:32.533Z"}
{"level":"info","message":"Getting video url. ID=54477203","timestamp":"2013-11-21T02:16:32.534Z"}
{"level":"info","message":"Begin download...","timestamp":"2013-11-21T02:16:32.677Z"}
{"level":"info","message":"Downloading...","timestamp":"2013-11-21T02:16:32.677Z"}
{"level":"info","message":"Download finished.","timestamp":"2013-11-21T02:18:15.755Z"}
{"level":"info","message":"Getting video url. ID=54474399","timestamp":"2013-11-21T02:18:15.755Z"}
{"level":"info","message":"Begin download...","timestamp":"2013-11-21T02:18:15.893Z"}
{"level":"info","message":"Downloading...","timestamp":"2013-11-21T02:18:15.894Z"}
{"level":"info","message":"Download finished.","timestamp":"2013-11-21T02:29:22.114Z"}
{"level":"info","message":"Getting video url. ID=54460164","timestamp":"2013-11-21T02:29:22.115Z"}
{"level":"info","message":"Begin download...","timestamp":"2013-11-21T02:29:22.252Z"}
{"level":"info","message":"Downloading...","timestamp":"2013-11-21T02:29:22.253Z"}
{"level":"info","message":"Download finished.","timestamp":"2013-11-21T02:41:05.277Z"}
{"level":"info","message":"Getting video url. ID=54460007","timestamp":"2013-11-21T02:41:05.277Z"}
{"level":"info","message":"Begin download...","timestamp":"2013-11-21T02:41:05.415Z"}
{"level":"info","message":"Downloading...","timestamp":"2013-11-21T02:41:05.416Z"}
{"level":"info","message":"Download finished.","timestamp":"2013-11-21T02:55:05.850Z"}
{"level":"info","message":"Getting video url. ID=54460000","timestamp":"2013-11-21T02:55:05.851Z"}
{"level":"info","message":"Begin download...","timestamp":"2013-11-21T02:55:05.991Z"}
{"level":"info","message":"Downloading...","timestamp":"2013-11-21T02:55:05.991Z"}
{"level":"info","message":"Download finished.","timestamp":"2013-11-21T03:10:19.310Z"}
{"level":"info","message":"Getting video url. ID=54459773","timestamp":"2013-11-21T03:10:19.310Z"}
{"level":"info","message":"Begin download...","timestamp":"2013-11-21T03:10:19.461Z"}
{"level":"info","message":"Downloading...","timestamp":"2013-11-21T03:10:19.461Z"}
